<?xml version="1.0" encoding="UTF-8"?>
<testng-results skipped="0" failed="0" ignored="0" total="1" passed="1">
  <reporter-output>
  </reporter-output>
  <suite name="Suite" duration-ms="8786" started-at="2020-02-23T14:52:48 IST" finished-at="2020-02-23T14:52:57 IST">
    <groups>
    </groups>
    <test name="Test" duration-ms="8786" started-at="2020-02-23T14:52:48 IST" finished-at="2020-02-23T14:52:57 IST">
      <class name="bla1">
        <test-method status="PASS" signature="f()[pri:0, instance:bla1@3abbfa04]" name="f" duration-ms="8721" started-at="2020-02-23T14:52:49 IST" finished-at="2020-02-23T14:52:57 IST">
          <reporter-output>
          </reporter-output>
        </test-method> <!-- f -->
      </class> <!-- bla1 -->
    </test> <!-- Test -->
  </suite> <!-- Suite -->
</testng-results>
